TN:
SF:/Users/dengweimin/Desktop/git/praise-button/src/praise/PraiseButton.js
FN:1,(anonymous_1)
FN:6,__webpack_require__
FN:37,(anonymous_3)
FN:48,(anonymous_4)
FN:53,(anonymous_5)
FN:55,getDefault
FN:56,getModuleExports
FN:62,(anonymous_8)
FN:79,(anonymous_9)
FN:81,(anonymous_10)
FN:88,(anonymous_11)
FN:95,_classCallCheck
FN:101,(anonymous_13)
FN:102,defineProperties
FN:112,(anonymous_15)
FN:119,(anonymous_16)
FN:120,PraiseButton
FN:124,onTimesChange
FN:137,add
FN:144,_onTimesChange
FNF:20
FNH:9
FNDA:1,(anonymous_1)
FNDA:1,__webpack_require__
FNDA:0,(anonymous_3)
FNDA:0,(anonymous_4)
FNDA:0,(anonymous_5)
FNDA:0,getDefault
FNDA:0,getModuleExports
FNDA:0,(anonymous_8)
FNDA:1,(anonymous_9)
FNDA:1,(anonymous_10)
FNDA:1,(anonymous_11)
FNDA:0,_classCallCheck
FNDA:1,(anonymous_13)
FNDA:1,defineProperties
FNDA:1,(anonymous_15)
FNDA:1,(anonymous_16)
FNDA:0,PraiseButton
FNDA:0,onTimesChange
FNDA:0,add
FNDA:0,_onTimesChange
DA:1,1
DA:3,1
DA:6,1
DA:9,1
DA:10,0
DA:13,1
DA:20,1
DA:23,1
DA:26,1
DA:31,1
DA:34,1
DA:37,1
DA:38,0
DA:39,0
DA:48,1
DA:49,0
DA:53,1
DA:54,0
DA:55,0
DA:56,0
DA:57,0
DA:58,0
DA:62,1
DA:65,1
DA:69,1
DA:81,1
DA:82,1
DA:83,1
DA:87,0
DA:91,1
DA:95,1
DA:96,0
DA:97,0
DA:101,1
DA:102,1
DA:103,1
DA:104,2
DA:105,2
DA:106,2
DA:107,2
DA:108,2
DA:112,1
DA:113,1
DA:114,1
DA:115,1
DA:119,1
DA:120,1
DA:121,0
DA:127,0
DA:129,0
DA:130,0
DA:131,0
DA:132,0
DA:135,1
DA:138,0
DA:139,0
DA:140,0
DA:147,1
DA:150,1
LF:59
LH:38
BRDA:9,1,0,0
BRDA:9,1,1,1
BRDA:38,2,0,0
BRDA:38,2,1,0
BRDA:54,3,0,0
BRDA:54,3,1,0
BRDA:54,4,0,0
BRDA:54,4,1,0
BRDA:82,5,0,1
BRDA:82,5,1,0
BRDA:84,6,0,1
BRDA:84,6,1,0
BRDA:86,7,0,1
BRDA:86,7,1,0
BRDA:96,8,0,0
BRDA:96,8,1,0
BRDA:105,9,0,2
BRDA:105,9,1,2
BRDA:107,10,0,2
BRDA:107,10,1,0
BRDA:113,11,0,1
BRDA:113,11,1,0
BRDA:114,12,0,0
BRDA:114,12,1,1
BRDA:121,13,0,0
BRDA:121,13,1,0
BRDA:121,14,0,0
BRDA:121,14,1,0
BRDA:129,15,0,0
BRDA:129,15,1,0
BRDA:130,16,0,0
BRDA:130,16,1,0
BRDA:131,17,0,0
BRDA:131,17,1,0
BRF:34
BRH:9
end_of_record
TN:
SF:/Users/dengweimin/Desktop/git/praise-button/src/praise/Thumb.js
FN:1,(anonymous_1)
FN:6,__webpack_require__
FN:37,(anonymous_3)
FN:48,(anonymous_4)
FN:53,(anonymous_5)
FN:55,getDefault
FN:56,getModuleExports
FN:62,(anonymous_8)
FN:79,(anonymous_9)
FN:81,(anonymous_10)
FN:88,(anonymous_11)
FN:95,_classCallCheck
FN:101,(anonymous_13)
FN:102,defineProperties
FN:112,(anonymous_15)
FN:119,(anonymous_16)
FN:120,PraiseButton
FN:124,onTimesChange
FN:137,add
FN:144,_onTimesChange
FN:160,(anonymous_21)
FN:162,(anonymous_22)
FN:169,(anonymous_23)
FN:178,_interopRequireDefault
FN:184,_classCallCheck
FN:190,(anonymous_26)
FN:191,defineProperties
FN:201,(anonymous_28)
FN:208,_possibleConstructorReturn
FN:216,_inherits
FN:232,(anonymous_31)
FN:235,Thumb
FN:247,init
FN:253,initDom
FN:258,initEvent
FNF:35
FNH:18
FNDA:1,(anonymous_1)
FNDA:2,__webpack_require__
FNDA:0,(anonymous_3)
FNDA:0,(anonymous_4)
FNDA:0,(anonymous_5)
FNDA:0,getDefault
FNDA:0,getModuleExports
FNDA:0,(anonymous_8)
FNDA:1,(anonymous_9)
FNDA:1,(anonymous_10)
FNDA:1,(anonymous_11)
FNDA:0,_classCallCheck
FNDA:1,(anonymous_13)
FNDA:1,defineProperties
FNDA:1,(anonymous_15)
FNDA:1,(anonymous_16)
FNDA:0,PraiseButton
FNDA:0,onTimesChange
FNDA:0,add
FNDA:0,_onTimesChange
FNDA:1,(anonymous_21)
FNDA:1,(anonymous_22)
FNDA:1,(anonymous_23)
FNDA:1,_interopRequireDefault
FNDA:0,_classCallCheck
FNDA:1,(anonymous_26)
FNDA:1,defineProperties
FNDA:1,(anonymous_28)
FNDA:0,_possibleConstructorReturn
FNDA:1,_inherits
FNDA:1,(anonymous_31)
FNDA:0,Thumb
FNDA:0,init
FNDA:0,initDom
FNDA:0,initEvent
DA:1,1
DA:3,1
DA:6,1
DA:9,2
DA:10,0
DA:13,2
DA:20,2
DA:23,2
DA:26,2
DA:31,1
DA:34,1
DA:37,1
DA:38,0
DA:39,0
DA:48,1
DA:49,0
DA:53,1
DA:54,0
DA:55,0
DA:56,0
DA:57,0
DA:58,0
DA:62,1
DA:65,1
DA:69,1
DA:81,1
DA:82,1
DA:83,1
DA:87,0
DA:91,1
DA:95,1
DA:96,0
DA:97,0
DA:101,1
DA:102,1
DA:103,1
DA:104,2
DA:105,2
DA:106,2
DA:107,2
DA:108,2
DA:112,1
DA:113,1
DA:114,1
DA:115,1
DA:119,1
DA:120,1
DA:121,0
DA:127,0
DA:129,0
DA:130,0
DA:131,0
DA:132,0
DA:135,1
DA:138,0
DA:139,0
DA:140,0
DA:147,1
DA:150,1
DA:162,1
DA:163,1
DA:164,1
DA:168,0
DA:172,1
DA:176,1
DA:178,1
DA:179,1
DA:184,1
DA:185,0
DA:186,0
DA:190,1
DA:191,1
DA:192,1
DA:193,3
DA:194,3
DA:195,3
DA:196,3
DA:197,3
DA:201,1
DA:202,1
DA:203,1
DA:204,1
DA:208,1
DA:209,0
DA:210,0
DA:213,0
DA:216,1
DA:217,1
DA:218,0
DA:221,1
DA:229,1
DA:232,1
DA:233,1
DA:235,1
DA:236,0
DA:238,0
DA:240,0
DA:241,0
DA:242,0
DA:245,1
DA:248,0
DA:249,0
DA:254,0
DA:259,0
DA:263,1
DA:266,1
LF:106
LH:69
BRDA:9,1,0,0
BRDA:9,1,1,2
BRDA:38,2,0,0
BRDA:38,2,1,0
BRDA:54,3,0,0
BRDA:54,3,1,0
BRDA:54,4,0,0
BRDA:54,4,1,0
BRDA:82,5,0,1
BRDA:82,5,1,0
BRDA:84,6,0,1
BRDA:84,6,1,0
BRDA:86,7,0,1
BRDA:86,7,1,0
BRDA:96,8,0,0
BRDA:96,8,1,0
BRDA:105,9,0,2
BRDA:105,9,1,2
BRDA:107,10,0,2
BRDA:107,10,1,0
BRDA:113,11,0,1
BRDA:113,11,1,0
BRDA:114,12,0,0
BRDA:114,12,1,1
BRDA:121,13,0,0
BRDA:121,13,1,0
BRDA:121,14,0,0
BRDA:121,14,1,0
BRDA:129,15,0,0
BRDA:129,15,1,0
BRDA:130,16,0,0
BRDA:130,16,1,0
BRDA:131,17,0,0
BRDA:131,17,1,0
BRDA:163,18,0,1
BRDA:163,18,1,0
BRDA:165,19,0,1
BRDA:165,19,1,0
BRDA:167,20,0,1
BRDA:167,20,1,0
BRDA:179,21,0,1
BRDA:179,21,1,0
BRDA:179,22,0,1
BRDA:179,22,1,1
BRDA:185,23,0,0
BRDA:185,23,1,0
BRDA:194,24,0,3
BRDA:194,24,1,3
BRDA:196,25,0,3
BRDA:196,25,1,0
BRDA:202,26,0,1
BRDA:202,26,1,0
BRDA:203,27,0,0
BRDA:203,27,1,1
BRDA:209,28,0,0
BRDA:209,28,1,0
BRDA:213,29,0,0
BRDA:213,29,1,0
BRDA:213,30,0,0
BRDA:213,30,1,0
BRDA:213,30,2,0
BRDA:217,31,0,0
BRDA:217,31,1,1
BRDA:217,32,0,1
BRDA:217,32,1,0
BRDA:221,33,0,1
BRDA:221,33,1,1
BRDA:229,34,0,1
BRDA:229,34,1,0
BRDA:229,35,0,0
BRDA:229,35,1,1
BRDA:238,36,0,0
BRDA:238,36,1,0
BRF:73
BRH:26
end_of_record
TN:
SF:/Users/dengweimin/Desktop/git/praise-button/src/praise/index.js
FN:1,(anonymous_1)
FN:6,__webpack_require__
FN:37,(anonymous_3)
FN:48,(anonymous_4)
FN:53,(anonymous_5)
FN:55,getDefault
FN:56,getModuleExports
FN:62,(anonymous_8)
FN:79,(anonymous_9)
FN:81,(anonymous_10)
FN:88,(anonymous_11)
FN:95,_classCallCheck
FN:101,(anonymous_13)
FN:102,defineProperties
FN:112,(anonymous_15)
FN:119,(anonymous_16)
FN:120,PraiseButton
FN:124,onTimesChange
FN:137,add
FN:144,_onTimesChange
FN:160,(anonymous_21)
FN:162,(anonymous_22)
FN:169,(anonymous_23)
FN:178,_interopRequireDefault
FN:184,_classCallCheck
FN:190,(anonymous_26)
FN:191,defineProperties
FN:201,(anonymous_28)
FN:208,_possibleConstructorReturn
FN:216,_inherits
FN:232,(anonymous_31)
FN:235,Thumb
FN:247,init
FN:253,initDom
FN:258,initEvent
FN:276,(anonymous_36)
FN:278,(anonymous_37)
FN:285,(anonymous_38)
FN:294,_interopRequireDefault
FNF:39
FNH:22
FNDA:1,(anonymous_1)
FNDA:3,__webpack_require__
FNDA:0,(anonymous_3)
FNDA:0,(anonymous_4)
FNDA:0,(anonymous_5)
FNDA:0,getDefault
FNDA:0,getModuleExports
FNDA:0,(anonymous_8)
FNDA:1,(anonymous_9)
FNDA:1,(anonymous_10)
FNDA:1,(anonymous_11)
FNDA:0,_classCallCheck
FNDA:1,(anonymous_13)
FNDA:1,defineProperties
FNDA:1,(anonymous_15)
FNDA:1,(anonymous_16)
FNDA:0,PraiseButton
FNDA:0,onTimesChange
FNDA:0,add
FNDA:0,_onTimesChange
FNDA:1,(anonymous_21)
FNDA:1,(anonymous_22)
FNDA:1,(anonymous_23)
FNDA:1,_interopRequireDefault
FNDA:0,_classCallCheck
FNDA:1,(anonymous_26)
FNDA:1,defineProperties
FNDA:1,(anonymous_28)
FNDA:0,_possibleConstructorReturn
FNDA:1,_inherits
FNDA:1,(anonymous_31)
FNDA:0,Thumb
FNDA:0,init
FNDA:0,initDom
FNDA:0,initEvent
FNDA:1,(anonymous_36)
FNDA:1,(anonymous_37)
FNDA:1,(anonymous_38)
FNDA:1,_interopRequireDefault
DA:1,1
DA:3,1
DA:6,1
DA:9,3
DA:10,0
DA:13,3
DA:20,3
DA:23,3
DA:26,3
DA:31,1
DA:34,1
DA:37,1
DA:38,0
DA:39,0
DA:48,1
DA:49,0
DA:53,1
DA:54,0
DA:55,0
DA:56,0
DA:57,0
DA:58,0
DA:62,1
DA:65,1
DA:69,1
DA:81,1
DA:82,1
DA:83,1
DA:87,0
DA:91,1
DA:95,1
DA:96,0
DA:97,0
DA:101,1
DA:102,1
DA:103,1
DA:104,2
DA:105,2
DA:106,2
DA:107,2
DA:108,2
DA:112,1
DA:113,1
DA:114,1
DA:115,1
DA:119,1
DA:120,1
DA:121,0
DA:127,0
DA:129,0
DA:130,0
DA:131,0
DA:132,0
DA:135,1
DA:138,0
DA:139,0
DA:140,0
DA:147,1
DA:150,1
DA:162,1
DA:163,1
DA:164,1
DA:168,0
DA:172,1
DA:176,1
DA:178,1
DA:179,1
DA:184,1
DA:185,0
DA:186,0
DA:190,1
DA:191,1
DA:192,1
DA:193,3
DA:194,3
DA:195,3
DA:196,3
DA:197,3
DA:201,1
DA:202,1
DA:203,1
DA:204,1
DA:208,1
DA:209,0
DA:210,0
DA:213,0
DA:216,1
DA:217,1
DA:218,0
DA:221,1
DA:229,1
DA:232,1
DA:233,1
DA:235,1
DA:236,0
DA:238,0
DA:240,0
DA:241,0
DA:242,0
DA:245,1
DA:248,0
DA:249,0
DA:254,0
DA:259,0
DA:263,1
DA:266,1
DA:278,1
DA:279,1
DA:280,1
DA:284,0
DA:288,1
DA:292,1
DA:294,1
DA:295,1
DA:300,1
LF:115
LH:77
BRDA:9,1,0,0
BRDA:9,1,1,3
BRDA:38,2,0,0
BRDA:38,2,1,0
BRDA:54,3,0,0
BRDA:54,3,1,0
BRDA:54,4,0,0
BRDA:54,4,1,0
BRDA:82,5,0,1
BRDA:82,5,1,0
BRDA:84,6,0,1
BRDA:84,6,1,0
BRDA:86,7,0,1
BRDA:86,7,1,0
BRDA:96,8,0,0
BRDA:96,8,1,0
BRDA:105,9,0,2
BRDA:105,9,1,2
BRDA:107,10,0,2
BRDA:107,10,1,0
BRDA:113,11,0,1
BRDA:113,11,1,0
BRDA:114,12,0,0
BRDA:114,12,1,1
BRDA:121,13,0,0
BRDA:121,13,1,0
BRDA:121,14,0,0
BRDA:121,14,1,0
BRDA:129,15,0,0
BRDA:129,15,1,0
BRDA:130,16,0,0
BRDA:130,16,1,0
BRDA:131,17,0,0
BRDA:131,17,1,0
BRDA:163,18,0,1
BRDA:163,18,1,0
BRDA:165,19,0,1
BRDA:165,19,1,0
BRDA:167,20,0,1
BRDA:167,20,1,0
BRDA:179,21,0,1
BRDA:179,21,1,0
BRDA:179,22,0,1
BRDA:179,22,1,1
BRDA:185,23,0,0
BRDA:185,23,1,0
BRDA:194,24,0,3
BRDA:194,24,1,3
BRDA:196,25,0,3
BRDA:196,25,1,0
BRDA:202,26,0,1
BRDA:202,26,1,0
BRDA:203,27,0,0
BRDA:203,27,1,1
BRDA:209,28,0,0
BRDA:209,28,1,0
BRDA:213,29,0,0
BRDA:213,29,1,0
BRDA:213,30,0,0
BRDA:213,30,1,0
BRDA:213,30,2,0
BRDA:217,31,0,0
BRDA:217,31,1,1
BRDA:217,32,0,1
BRDA:217,32,1,0
BRDA:221,33,0,1
BRDA:221,33,1,1
BRDA:229,34,0,1
BRDA:229,34,1,0
BRDA:229,35,0,0
BRDA:229,35,1,1
BRDA:238,36,0,0
BRDA:238,36,1,0
BRDA:279,37,0,1
BRDA:279,37,1,0
BRDA:281,38,0,1
BRDA:281,38,1,0
BRDA:283,39,0,1
BRDA:283,39,1,0
BRDA:295,40,0,1
BRDA:295,40,1,0
BRDA:295,41,0,1
BRDA:295,41,1,1
BRF:83
BRH:32
end_of_record
